INFO:root:Started
INFO:gensim.utils:loading Word2Vec object from /home/hclent/data/corpora/startrek/startrek_model
INFO:gensim.utils:setting ignored attribute cum_table to None
INFO:gensim.utils:setting ignored attribute syn0norm to None
INFO:gensim.models.word2vec:precomputing L2-norms of word weight vectors
INFO:gensim.utils:loading Word2Vec object from /home/hclent/data/18269575coge_model
INFO:gensim.utils:setting ignored attribute syn0norm to None
INFO:gensim.utils:setting ignored attribute cum_table to None
INFO:gensim.models.word2vec:precomputing L2-norms of word weight vectors
INFO:root:Started
INFO:gensim.utils:loading Word2Vec object from /home/hclent/data/corpora/startrek/startrek_model
INFO:gensim.utils:setting ignored attribute cum_table to None
INFO:gensim.utils:setting ignored attribute syn0norm to None
INFO:gensim.models.word2vec:precomputing L2-norms of word weight vectors
INFO:root:Started
INFO:gensim.utils:loading Word2Vec object from /home/hclent/data/corpora/startrek/startrek_model
INFO:gensim.utils:setting ignored attribute cum_table to None
INFO:gensim.utils:setting ignored attribute syn0norm to None
INFO:gensim.models.word2vec:precomputing L2-norms of word weight vectors
INFO:root:Started
INFO:gensim.utils:loading Word2Vec object from /home/hclent/data/corpora/startrek/startrek_model
INFO:gensim.utils:setting ignored attribute cum_table to None
INFO:gensim.utils:setting ignored attribute syn0norm to None
INFO:gensim.models.word2vec:precomputing L2-norms of word weight vectors
INFO:root:Started
INFO:gensim.utils:loading Word2Vec object from /home/hclent/data/corpora/startrek/startrek_model
INFO:gensim.utils:setting ignored attribute cum_table to None
INFO:gensim.utils:setting ignored attribute syn0norm to None
INFO:gensim.models.word2vec:precomputing L2-norms of word weight vectors
INFO:root:Started
INFO:root:Started
INFO:root:Started
INFO:root:Started
INFO:root:Started
INFO:root:Started
INFO:root:Started
INFO:root:Started
INFO:root:Started
INFO:root:Started
INFO:root:Started
INFO:root:Started
INFO:root:Started
INFO:root:Started
INFO:root:Started
INFO:root:Started
INFO:root:Started
